<?xml version="1.0" encoding="UTF-8" ?>
<testsuite errors="0" failures="0" hostname="powerhouse" name="ro.lazcatluc.lambda.streams.EratosteneTest" skipped="0" tests="3" time="0.166" timestamp="2013-08-06T23:12:08">
  <properties>
[...]
</properties>
  <testcase classname="ro.lazcatluc.lambda.streams.EratosteneTest" name="firstTenPrimes" time="0.047" />
  <testcase classname="ro.lazcatluc.lambda.streams.EratosteneTest" name="firstFiveNaturalNumbers" time="0.0" />
  <testcase classname="ro.lazcatluc.lambda.streams.EratosteneTest" name="testDiff" time="0.004" />
  <system-out><![CDATA[]]></system-out>
  <system-err><![CDATA[]]></system-err>
</testsuite>
