<?xml version="1.0" encoding="UTF-8" ?>
<testsuite errors="0" failures="0" hostname="lazcatlucwin7" name="ro.lazcatluc.lambda.streams.EratosteneTest" skipped="0" tests="3" time="0.267" timestamp="2013-08-09T11:55:00">
  <properties>
[...]
</properties>
  <testcase classname="ro.lazcatluc.lambda.streams.EratosteneTest" name="firstFiveNaturalNumbers" time="0.002" />
  <testcase classname="ro.lazcatluc.lambda.streams.EratosteneTest" name="testDiff" time="0.208" />
  <testcase classname="ro.lazcatluc.lambda.streams.EratosteneTest" name="firstTenPrimes" time="0.002" />
  <system-out><![CDATA[]]></system-out>
  <system-err><![CDATA[]]></system-err>
</testsuite>
